<!DOCTYPE html>

<html>
  <head>
  <meta charset='utf-8'>
  <title>TestNG reports</title>

    <link type="text/css" href="testng-reports1.css" rel="stylesheet" id="ultra" />
    <link type="text/css" href="testng-reports.css" rel="stylesheet" id="retro" disabled="false"/>
    <script type="text/javascript" src="jquery-3.6.0.min.js"></script>
    <script type="text/javascript" src="testng-reports.js"></script>
    <script type="text/javascript" src="https://www.google.com/jsapi"></script>
    <script type='text/javascript'>
      google.load('visualization', '1', {packages:['table']});
      google.setOnLoadCallback(drawTable);
      var suiteTableInitFunctions = new Array();
      var suiteTableData = new Array();
    </script>
    <!--
      <script type="text/javascript" src="jquery-ui/js/jquery-ui-1.8.16.custom.min.js"></script>
     -->
  </head>

  <body>    <div class="top-banner-root">
      <span class="top-banner-title-font">Test results</span>
      <button id="button" class="button">Switch Retro Theme</button> <!-- button -->
      <br/>
      <span class="top-banner-font-1">1 suite, 3 failed tests</span>
    </div> <!-- top-banner-root -->
    <div class="navigator-root">
      <div class="navigator-suite-header">
        <span>All suites</span>
        <a href="#" title="Collapse/expand all the suites" class="collapse-all-link">
          <img src="collapseall.gif" class="collapse-all-icon">
          </img> <!-- collapse-all-icon -->
        </a> <!-- collapse-all-link -->
      </div> <!-- navigator-suite-header -->
      <div class="suite">
        <div class="rounded-window">
          <div class="suite-header light-rounded-window-top">
            <a href="#" panel-name="suite-This_Suite_is_for_SS_with_ExtentReport" class="navigator-link">
              <span class="suite-name border-failed">This Suite is for SS with ExtentReport</span>
            </a> <!-- navigator-link -->
          </div> <!-- suite-header light-rounded-window-top -->
          <div class="navigator-suite-content">
            <div class="suite-section-title">
              <span>Info</span>
            </div> <!-- suite-section-title -->
            <div class="suite-section-content">
              <ul>
                <li>
                  <a href="#" panel-name="test-xml-This_Suite_is_for_SS_with_ExtentReport" class="navigator-link ">
                    <span>C:\Users\mroha\OneDrive\Desktop\Sayali Mhatre\Selenium\SeleniumFramework\testSuite\takingSScodeUsingListeners.xml</span>
                  </a> <!-- navigator-link  -->
                </li>
                <li>
                  <a href="#" panel-name="testlist-This_Suite_is_for_SS_with_ExtentReport" class="navigator-link ">
                    <span class="test-stats">1 test</span>
                  </a> <!-- navigator-link  -->
                </li>
                <li>
                  <a href="#" panel-name="group-This_Suite_is_for_SS_with_ExtentReport" class="navigator-link ">
                    <span>0 groups</span>
                  </a> <!-- navigator-link  -->
                </li>
                <li>
                  <a href="#" panel-name="times-This_Suite_is_for_SS_with_ExtentReport" class="navigator-link ">
                    <span>Times</span>
                  </a> <!-- navigator-link  -->
                </li>
                <li>
                  <a href="#" panel-name="reporter-This_Suite_is_for_SS_with_ExtentReport" class="navigator-link ">
                    <span>Reporter output</span>
                  </a> <!-- navigator-link  -->
                </li>
                <li>
                  <a href="#" panel-name="ignored-methods-This_Suite_is_for_SS_with_ExtentReport" class="navigator-link ">
                    <span>Ignored methods</span>
                  </a> <!-- navigator-link  -->
                </li>
                <li>
                  <a href="#" panel-name="chronological-This_Suite_is_for_SS_with_ExtentReport" class="navigator-link ">
                    <span>Chronological view</span>
                  </a> <!-- navigator-link  -->
                </li>
              </ul>
            </div> <!-- suite-section-content -->
            <div class="result-section">
              <div class="suite-section-title">
                <span>Results</span>
              </div> <!-- suite-section-title -->
              <div class="suite-section-content">
                <ul>
                  <li>
                    <span class="method-stats">6 methods, 3 failed,  2 skipped,  1 passed</span>
                  </li>
                  <li>
                    <span class="method-list-title failed">Failed methods</span>
                    <span class="show-or-hide-methods failed">
                      <a href="#" panel-name="suite-This_Suite_is_for_SS_with_ExtentReport" class="hide-methods failed suite-This_Suite_is_for_SS_with_ExtentReport"> (hide)</a> <!-- hide-methods failed suite-This_Suite_is_for_SS_with_ExtentReport -->
                      <a href="#" panel-name="suite-This_Suite_is_for_SS_with_ExtentReport" class="show-methods failed suite-This_Suite_is_for_SS_with_ExtentReport"> (show)</a> <!-- show-methods failed suite-This_Suite_is_for_SS_with_ExtentReport -->
                    </span>
                    <div class="method-list-content failed suite-This_Suite_is_for_SS_with_ExtentReport">
                      <span>
                        <img src="failed.png" width="3%"/>
                        <a href="#" panel-name="suite-This_Suite_is_for_SS_with_ExtentReport" title="SeleniumFramework1.TestCases.ExtentReportConcept" class="method navigator-link" hash-for-method="loginErrorValidation({needThisProductToADDTOCART=ADIDAS ORIGINAL, password=Bruno@12345, email=Lanumhatre@gmail.com})">loginErrorValidation({needThisProductToADDTOCART=ADIDAS ORIGINAL, password=Bruno@12345, email=Lanumhatre@gmail.com})</a> <!-- method navigator-link -->
                      </span>
                      <br/>
                      <span>
                        <img src="failed.png" width="3%"/>
                        <a href="#" panel-name="suite-This_Suite_is_for_SS_with_ExtentReport" title="SeleniumFramework1.TestCases.ExtentReportConcept" class="method navigator-link" hash-for-method="loginErrorValidation({needThisProductToADDTOCART=ZARA COAT 3, password=Bruno@12345, email=mhatresayali@gmail..com})">loginErrorValidation({needThisProductToADDTOCART=ZARA COAT 3, password=Bruno@12345, email=mhatresayali@gmail..com})</a> <!-- method navigator-link -->
                      </span>
                      <br/>
                      <span>
                        <img src="failed.png" width="3%"/>
                        <a href="#" panel-name="suite-This_Suite_is_for_SS_with_ExtentReport" title="SeleniumFramework1.TestCases.ExtentReportConcept" class="method navigator-link" hash-for-method="productErrorValidation({needThisProductToADDTOCART=ZARA COAT 3, password=Bruno@12345, email=mhatresayali@gmail..com})">productErrorValidation({needThisProductToADDTOCART=ZARA COAT 3, password=Bruno@12345, email=mhatresayali@gmail..com})</a> <!-- method navigator-link -->
                      </span>
                      <br/>
                    </div> <!-- method-list-content failed suite-This_Suite_is_for_SS_with_ExtentReport -->
                  </li>
                  <li>
                    <span class="method-list-title skipped">Retried methods</span>
                    <span class="show-or-hide-methods skipped">
                      <a href="#" panel-name="suite-This_Suite_is_for_SS_with_ExtentReport" class="hide-methods skipped suite-This_Suite_is_for_SS_with_ExtentReport"> (hide)</a> <!-- hide-methods skipped suite-This_Suite_is_for_SS_with_ExtentReport -->
                      <a href="#" panel-name="suite-This_Suite_is_for_SS_with_ExtentReport" class="show-methods skipped suite-This_Suite_is_for_SS_with_ExtentReport"> (show)</a> <!-- show-methods skipped suite-This_Suite_is_for_SS_with_ExtentReport -->
                    </span>
                    <div class="method-list-content skipped suite-This_Suite_is_for_SS_with_ExtentReport">
                      <span>
                        <img src="skipped.png" width="3%"/>
                        <a href="#" panel-name="suite-This_Suite_is_for_SS_with_ExtentReport" title="SeleniumFramework1.TestCases.ExtentReportConcept" class="method navigator-link" hash-for-method="loginErrorValidation({needThisProductToADDTOCART=ADIDAS ORIGINAL, password=Bruno@12345, email=Lanumhatre@gmail.com})">loginErrorValidation({needThisProductToADDTOCART=ADIDAS ORIGINAL, password=Bruno@12345, email=Lanumhatre@gmail.com})</a> <!-- method navigator-link -->
                      </span>
                      <br/>
                      <span>
                        <img src="skipped.png" width="3%"/>
                        <a href="#" panel-name="suite-This_Suite_is_for_SS_with_ExtentReport" title="SeleniumFramework1.TestCases.ExtentReportConcept" class="method navigator-link" hash-for-method="loginErrorValidation({needThisProductToADDTOCART=ZARA COAT 3, password=Bruno@12345, email=mhatresayali@gmail..com})">loginErrorValidation({needThisProductToADDTOCART=ZARA COAT 3, password=Bruno@12345, email=mhatresayali@gmail..com})</a> <!-- method navigator-link -->
                      </span>
                      <br/>
                    </div> <!-- method-list-content skipped suite-This_Suite_is_for_SS_with_ExtentReport -->
                  </li>
                  <li>
                    <span class="method-list-title passed">Passed methods</span>
                    <span class="show-or-hide-methods passed">
                      <a href="#" panel-name="suite-This_Suite_is_for_SS_with_ExtentReport" class="hide-methods passed suite-This_Suite_is_for_SS_with_ExtentReport"> (hide)</a> <!-- hide-methods passed suite-This_Suite_is_for_SS_with_ExtentReport -->
                      <a href="#" panel-name="suite-This_Suite_is_for_SS_with_ExtentReport" class="show-methods passed suite-This_Suite_is_for_SS_with_ExtentReport"> (show)</a> <!-- show-methods passed suite-This_Suite_is_for_SS_with_ExtentReport -->
                    </span>
                    <div class="method-list-content passed suite-This_Suite_is_for_SS_with_ExtentReport">
                      <span>
                        <img src="passed.png" width="3%"/>
                        <a href="#" panel-name="suite-This_Suite_is_for_SS_with_ExtentReport" title="SeleniumFramework1.TestCases.ExtentReportConcept" class="method navigator-link" hash-for-method="productErrorValidation({needThisProductToADDTOCART=ADIDAS ORIGINAL, password=Bruno@12345, email=Lanumhatre@gmail.com})">productErrorValidation({needThisProductToADDTOCART=ADIDAS ORIGINAL, password=Bruno@12345, email=Lanumhatre@gmail.com})</a> <!-- method navigator-link -->
                      </span>
                      <br/>
                    </div> <!-- method-list-content passed suite-This_Suite_is_for_SS_with_ExtentReport -->
                  </li>
                </ul>
              </div> <!-- suite-section-content -->
            </div> <!-- result-section -->
          </div> <!-- navigator-suite-content -->
        </div> <!-- rounded-window -->
      </div> <!-- suite -->
    </div> <!-- navigator-root -->
    <div class="wrapper">
      <div class="main-panel-root">
        <div panel-name="suite-This_Suite_is_for_SS_with_ExtentReport" class="panel This_Suite_is_for_SS_with_ExtentReport">
          <div class="suite-This_Suite_is_for_SS_with_ExtentReport-class-failed">
            <div class="main-panel-header rounded-window-top">
              <img src="failed.png"/>
              <span class="class-name">SeleniumFramework1.TestCases.ExtentReportConcept</span>
            </div> <!-- main-panel-header rounded-window-top -->
            <div class="main-panel-content rounded-window-bottom">
              <div class="method">
                <div class="method-content">
                  <a name="loginErrorValidation({needThisProductToADDTOCART=ADIDAS ORIGINAL, password=Bruno@12345, email=Lanumhatre@gmail.com})">
                  </a> <!-- loginErrorValidation({needThisProductToADDTOCART=ADIDAS ORIGINAL, password=Bruno@12345, email=Lanumhatre@gmail.com}) -->
                  <span class="method-name">loginErrorValidation</span>
                  <span class="parameters">({needThisProductToADDTOCART=ADIDAS ORIGINAL, password=Bruno@12345, email=Lanumhatre@gmail.com})</span>
                  <div class="stack-trace">org.junit.ComparisonFailure: expected:&lt;[Incorrect email or password.]&gt; but was:&lt;[Login Successfully]&gt;
	at org.junit.Assert.assertEquals(Assert.java:115)
	at org.junit.Assert.assertEquals(Assert.java:144)
	at SeleniumFramework1.TestCases.ExtentReportConcept.loginErrorValidation(ExtentReportConcept.java:40)
	at java.base/java.util.ArrayList.forEach(ArrayList.java:1511)
... Removed 25 stack frames
</div> <!-- stack-trace -->
                </div> <!-- method-content -->
              </div> <!-- method -->
              <div class="method">
                <div class="method-content">
                  <a name="loginErrorValidation({needThisProductToADDTOCART=ZARA COAT 3, password=Bruno@12345, email=mhatresayali@gmail..com})">
                  </a> <!-- loginErrorValidation({needThisProductToADDTOCART=ZARA COAT 3, password=Bruno@12345, email=mhatresayali@gmail..com}) -->
                  <span class="method-name">loginErrorValidation</span>
                  <span class="parameters">({needThisProductToADDTOCART=ZARA COAT 3, password=Bruno@12345, email=mhatresayali@gmail..com})</span>
                  <div class="stack-trace">org.openqa.selenium.TimeoutException: Expected condition failed: waiting for visibility of Proxy element for: DefaultElementLocator &apos;By.cssSelector: [class*=&apos;flyInOut&apos;]&apos; (tried for 5 second(s) with 500 milliseconds interval)
	at org.openqa.selenium.support.ui.WebDriverWait.timeoutException(WebDriverWait.java:84)
	at org.openqa.selenium.support.ui.FluentWait.until(FluentWait.java:228)
	at SeleniumFramework2.AbstractComponents.AbstractComponents.waitForWebElementToAppear(AbstractComponents.java:47)
	at SeleniumFramework1.pageObjects.landingLoginPage.getErrorMessage(landingLoginPage.java:68)
	at SeleniumFramework1.TestCases.ExtentReportConcept.loginErrorValidation(ExtentReportConcept.java:40)
	at java.base/java.util.ArrayList.forEach(ArrayList.java:1511)
Caused by: org.openqa.selenium.NoSuchElementException: no such element: Unable to locate element: {&quot;method&quot;:&quot;css selector&quot;,&quot;selector&quot;:&quot;[class*=&apos;flyInOut&apos;]&quot;}
  (Session info: chrome=126.0.6478.127)
For documentation on this error, please visit: https://www.selenium.dev/documentation/webdriver/troubleshooting/errors#no-such-element-exception
Build info: version: &apos;4.21.0&apos;, revision: &apos;79ed462ef4&apos;
System info: os.name: &apos;Windows 11&apos;, os.arch: &apos;amd64&apos;, os.version: &apos;10.0&apos;, java.version: &apos;20.0.2&apos;
Driver info: org.openqa.selenium.chrome.ChromeDriver
Command: [fa7bccd38fcc853feae6c8b2a9de7ec4, findElement {value=[class*=&apos;flyInOut&apos;], using=css selector}]
Capabilities {acceptInsecureCerts: false, browserName: chrome, browserVersion: 126.0.6478.127, chrome: {chromedriverVersion: 126.0.6478.126 (d36ace6122e..., userDataDir: C:\Users\mroha\AppData\Loca...}, fedcm:accounts: true, goog:chromeOptions: {debuggerAddress: localhost:52855}, networkConnectionEnabled: false, pageLoadStrategy: normal, platformName: windows, proxy: Proxy(), se:cdp: ws://localhost:52855/devtoo..., se:cdpVersion: 126.0.6478.127, setWindowRect: true, strictFileInteractability: false, timeouts: {implicit: 0, pageLoad: 300000, script: 30000}, unhandledPromptBehavior: dismiss and notify, webauthn:extension:credBlob: true, webauthn:extension:largeBlob: true, webauthn:extension:minPinLength: true, webauthn:extension:prf: true, webauthn:virtualAuthenticators: true}
Session ID: fa7bccd38fcc853feae6c8b2a9de7ec4
	at org.openqa.selenium.remote.ErrorCodec.decode(ErrorCodec.java:167)
	at org.openqa.selenium.remote.codec.w3c.W3CHttpResponseCodec.decode(W3CHttpResponseCodec.java:138)
	at org.openqa.selenium.remote.codec.w3c.W3CHttpResponseCodec.decode(W3CHttpResponseCodec.java:50)
	at org.openqa.selenium.remote.HttpCommandExecutor.execute(HttpCommandExecutor.java:190)
	at org.openqa.selenium.remote.service.DriverCommandExecutor.invokeExecute(DriverCommandExecutor.java:216)
	at org.openqa.selenium.remote.service.DriverCommandExecutor.execute(DriverCommandExecutor.java:174)
	at org.openqa.selenium.remote.RemoteWebDriver.execute(RemoteWebDriver.java:518)
	at org.openqa.selenium.remote.ElementLocation$ElementFinder$2.findElement(ElementLocation.java:165)
	at org.openqa.selenium.remote.ElementLocation.findElement(ElementLocation.java:59)
	at org.openqa.selenium.remote.RemoteWebDriver.findElement(RemoteWebDriver.java:355)
	at org.openqa.selenium.remote.RemoteWebDriver.findElement(RemoteWebDriver.java:349)
	at org.openqa.selenium.support.pagefactory.DefaultElementLocator.findElement(DefaultElementLocator.java:68)
	at org.openqa.selenium.support.pagefactory.internal.LocatingElementHandler.invoke(LocatingElementHandler.java:38)
	at jdk.proxy2/jdk.proxy2.$Proxy17.isDisplayed(Unknown Source)
	at org.openqa.selenium.support.ui.ExpectedConditions.elementIfVisible(ExpectedConditions.java:304)
	at org.openqa.selenium.support.ui.ExpectedConditions$10.apply(ExpectedConditions.java:290)
	at org.openqa.selenium.support.ui.ExpectedConditions$10.apply(ExpectedConditions.java:287)
	at org.openqa.selenium.support.ui.FluentWait.until(FluentWait.java:203)
	... 29 more
... Removed 28 stack frames
</div> <!-- stack-trace -->
                </div> <!-- method-content -->
              </div> <!-- method -->
              <div class="method">
                <div class="method-content">
                  <a name="productErrorValidation({needThisProductToADDTOCART=ZARA COAT 3, password=Bruno@12345, email=mhatresayali@gmail..com})">
                  </a> <!-- productErrorValidation({needThisProductToADDTOCART=ZARA COAT 3, password=Bruno@12345, email=mhatresayali@gmail..com}) -->
                  <span class="method-name">productErrorValidation</span>
                  <span class="parameters">({needThisProductToADDTOCART=ZARA COAT 3, password=Bruno@12345, email=mhatresayali@gmail..com})</span>
                  <div class="stack-trace">org.openqa.selenium.TimeoutException: Expected condition failed: waiting for visibility of element located by By.cssSelector: div.mb-3 (tried for 5 second(s) with 500 milliseconds interval)
Build info: version: &apos;4.21.0&apos;, revision: &apos;79ed462ef4&apos;
System info: os.name: &apos;Windows 11&apos;, os.arch: &apos;amd64&apos;, os.version: &apos;10.0&apos;, java.version: &apos;20.0.2&apos;
Driver info: org.openqa.selenium.chrome.ChromeDriver
Capabilities {acceptInsecureCerts: false, browserName: chrome, browserVersion: 126.0.6478.127, chrome: {chromedriverVersion: 126.0.6478.126 (d36ace6122e..., userDataDir: C:\Users\mroha\AppData\Loca...}, fedcm:accounts: true, goog:chromeOptions: {debuggerAddress: localhost:52915}, networkConnectionEnabled: false, pageLoadStrategy: normal, platformName: windows, proxy: Proxy(), se:cdp: ws://localhost:52915/devtoo..., se:cdpVersion: 126.0.6478.127, setWindowRect: true, strictFileInteractability: false, timeouts: {implicit: 0, pageLoad: 300000, script: 30000}, unhandledPromptBehavior: dismiss and notify, webauthn:extension:credBlob: true, webauthn:extension:largeBlob: true, webauthn:extension:minPinLength: true, webauthn:extension:prf: true, webauthn:virtualAuthenticators: true}
Session ID: c0816df12da264837bedc09251e51631
	at org.openqa.selenium.support.ui.WebDriverWait.timeoutException(WebDriverWait.java:84)
	at org.openqa.selenium.support.ui.FluentWait.until(FluentWait.java:228)
	at SeleniumFramework2.AbstractComponents.AbstractComponents.waitForElementToAppear(AbstractComponents.java:41)
	at SeleniumFramework1.pageObjects.productCatelogue.productsPresentOnDashboardPage(productCatelogue.java:50)
	at SeleniumFramework1.TestCases.ExtentReportConcept.productErrorValidation(ExtentReportConcept.java:51)
	at java.base/java.util.ArrayList.forEach(ArrayList.java:1511)
... Removed 25 stack frames
</div> <!-- stack-trace -->
                </div> <!-- method-content -->
              </div> <!-- method -->
            </div> <!-- main-panel-content rounded-window-bottom -->
          </div> <!-- suite-This_Suite_is_for_SS_with_ExtentReport-class-failed -->
          <div class="suite-This_Suite_is_for_SS_with_ExtentReport-class-skipped">
            <div class="main-panel-header rounded-window-top">
              <img src="skipped.png"/>
              <span class="class-name">SeleniumFramework1.TestCases.ExtentReportConcept</span>
            </div> <!-- main-panel-header rounded-window-top -->
            <div class="main-panel-content rounded-window-bottom">
              <div class="method">
                <div class="method-content">
                  <a name="loginErrorValidation({needThisProductToADDTOCART=ADIDAS ORIGINAL, password=Bruno@12345, email=Lanumhatre@gmail.com})">
                  </a> <!-- loginErrorValidation({needThisProductToADDTOCART=ADIDAS ORIGINAL, password=Bruno@12345, email=Lanumhatre@gmail.com}) -->
                  <span class="method-name">loginErrorValidation</span>
                  <span class="parameters">({needThisProductToADDTOCART=ADIDAS ORIGINAL, password=Bruno@12345, email=Lanumhatre@gmail.com})</span>
                  <div class="stack-trace">org.junit.ComparisonFailure: expected:&lt;[Incorrect email or password.]&gt; but was:&lt;[Login Successfully]&gt;
	at org.junit.Assert.assertEquals(Assert.java:115)
	at org.junit.Assert.assertEquals(Assert.java:144)
	at SeleniumFramework1.TestCases.ExtentReportConcept.loginErrorValidation(ExtentReportConcept.java:40)
	at java.base/java.util.ArrayList.forEach(ArrayList.java:1511)
... Removed 25 stack frames
</div> <!-- stack-trace -->
                </div> <!-- method-content -->
              </div> <!-- method -->
              <div class="method">
                <div class="method-content">
                  <a name="loginErrorValidation({needThisProductToADDTOCART=ZARA COAT 3, password=Bruno@12345, email=mhatresayali@gmail..com})">
                  </a> <!-- loginErrorValidation({needThisProductToADDTOCART=ZARA COAT 3, password=Bruno@12345, email=mhatresayali@gmail..com}) -->
                  <span class="method-name">loginErrorValidation</span>
                  <span class="parameters">({needThisProductToADDTOCART=ZARA COAT 3, password=Bruno@12345, email=mhatresayali@gmail..com})</span>
                  <div class="stack-trace">org.openqa.selenium.TimeoutException: Expected condition failed: waiting for visibility of Proxy element for: DefaultElementLocator &apos;By.cssSelector: [class*=&apos;flyInOut&apos;]&apos; (tried for 5 second(s) with 500 milliseconds interval)
	at org.openqa.selenium.support.ui.WebDriverWait.timeoutException(WebDriverWait.java:84)
	at org.openqa.selenium.support.ui.FluentWait.until(FluentWait.java:228)
	at SeleniumFramework2.AbstractComponents.AbstractComponents.waitForWebElementToAppear(AbstractComponents.java:47)
	at SeleniumFramework1.pageObjects.landingLoginPage.getErrorMessage(landingLoginPage.java:68)
	at SeleniumFramework1.TestCases.ExtentReportConcept.loginErrorValidation(ExtentReportConcept.java:40)
	at java.base/java.util.ArrayList.forEach(ArrayList.java:1511)
Caused by: org.openqa.selenium.NoSuchElementException: no such element: Unable to locate element: {&quot;method&quot;:&quot;css selector&quot;,&quot;selector&quot;:&quot;[class*=&apos;flyInOut&apos;]&quot;}
  (Session info: chrome=126.0.6478.127)
For documentation on this error, please visit: https://www.selenium.dev/documentation/webdriver/troubleshooting/errors#no-such-element-exception
Build info: version: &apos;4.21.0&apos;, revision: &apos;79ed462ef4&apos;
System info: os.name: &apos;Windows 11&apos;, os.arch: &apos;amd64&apos;, os.version: &apos;10.0&apos;, java.version: &apos;20.0.2&apos;
Driver info: org.openqa.selenium.chrome.ChromeDriver
Command: [0f989ddd8cc65ae15b96cae5a3203de8, findElement {value=[class*=&apos;flyInOut&apos;], using=css selector}]
Capabilities {acceptInsecureCerts: false, browserName: chrome, browserVersion: 126.0.6478.127, chrome: {chromedriverVersion: 126.0.6478.126 (d36ace6122e..., userDataDir: C:\Users\mroha\AppData\Loca...}, fedcm:accounts: true, goog:chromeOptions: {debuggerAddress: localhost:52833}, networkConnectionEnabled: false, pageLoadStrategy: normal, platformName: windows, proxy: Proxy(), se:cdp: ws://localhost:52833/devtoo..., se:cdpVersion: 126.0.6478.127, setWindowRect: true, strictFileInteractability: false, timeouts: {implicit: 0, pageLoad: 300000, script: 30000}, unhandledPromptBehavior: dismiss and notify, webauthn:extension:credBlob: true, webauthn:extension:largeBlob: true, webauthn:extension:minPinLength: true, webauthn:extension:prf: true, webauthn:virtualAuthenticators: true}
Session ID: 0f989ddd8cc65ae15b96cae5a3203de8
	at org.openqa.selenium.remote.ErrorCodec.decode(ErrorCodec.java:167)
	at org.openqa.selenium.remote.codec.w3c.W3CHttpResponseCodec.decode(W3CHttpResponseCodec.java:138)
	at org.openqa.selenium.remote.codec.w3c.W3CHttpResponseCodec.decode(W3CHttpResponseCodec.java:50)
	at org.openqa.selenium.remote.HttpCommandExecutor.execute(HttpCommandExecutor.java:190)
	at org.openqa.selenium.remote.service.DriverCommandExecutor.invokeExecute(DriverCommandExecutor.java:216)
	at org.openqa.selenium.remote.service.DriverCommandExecutor.execute(DriverCommandExecutor.java:174)
	at org.openqa.selenium.remote.RemoteWebDriver.execute(RemoteWebDriver.java:518)
	at org.openqa.selenium.remote.ElementLocation$ElementFinder$2.findElement(ElementLocation.java:165)
	at org.openqa.selenium.remote.ElementLocation.findElement(ElementLocation.java:59)
	at org.openqa.selenium.remote.RemoteWebDriver.findElement(RemoteWebDriver.java:355)
	at org.openqa.selenium.remote.RemoteWebDriver.findElement(RemoteWebDriver.java:349)
	at org.openqa.selenium.support.pagefactory.DefaultElementLocator.findElement(DefaultElementLocator.java:68)
	at org.openqa.selenium.support.pagefactory.internal.LocatingElementHandler.invoke(LocatingElementHandler.java:38)
	at jdk.proxy2/jdk.proxy2.$Proxy17.isDisplayed(Unknown Source)
	at org.openqa.selenium.support.ui.ExpectedConditions.elementIfVisible(ExpectedConditions.java:304)
	at org.openqa.selenium.support.ui.ExpectedConditions$10.apply(ExpectedConditions.java:290)
	at org.openqa.selenium.support.ui.ExpectedConditions$10.apply(ExpectedConditions.java:287)
	at org.openqa.selenium.support.ui.FluentWait.until(FluentWait.java:203)
	... 29 more
... Removed 28 stack frames
</div> <!-- stack-trace -->
                </div> <!-- method-content -->
              </div> <!-- method -->
            </div> <!-- main-panel-content rounded-window-bottom -->
          </div> <!-- suite-This_Suite_is_for_SS_with_ExtentReport-class-skipped -->
          <div class="suite-This_Suite_is_for_SS_with_ExtentReport-class-passed">
            <div class="main-panel-header rounded-window-top">
              <img src="passed.png"/>
              <span class="class-name">SeleniumFramework1.TestCases.ExtentReportConcept</span>
            </div> <!-- main-panel-header rounded-window-top -->
            <div class="main-panel-content rounded-window-bottom">
              <div class="method">
                <div class="method-content">
                  <a name="productErrorValidation({needThisProductToADDTOCART=ADIDAS ORIGINAL, password=Bruno@12345, email=Lanumhatre@gmail.com})">
                  </a> <!-- productErrorValidation({needThisProductToADDTOCART=ADIDAS ORIGINAL, password=Bruno@12345, email=Lanumhatre@gmail.com}) -->
                  <span class="method-name">productErrorValidation</span>
                  <span class="parameters">({needThisProductToADDTOCART=ADIDAS ORIGINAL, password=Bruno@12345, email=Lanumhatre@gmail.com})</span>
                </div> <!-- method-content -->
              </div> <!-- method -->
            </div> <!-- main-panel-content rounded-window-bottom -->
          </div> <!-- suite-This_Suite_is_for_SS_with_ExtentReport-class-passed -->
        </div> <!-- panel This_Suite_is_for_SS_with_ExtentReport -->
        <div panel-name="test-xml-This_Suite_is_for_SS_with_ExtentReport" class="panel">
          <div class="main-panel-header rounded-window-top">
            <span class="header-content">C:\Users\mroha\OneDrive\Desktop\Sayali Mhatre\Selenium\SeleniumFramework\testSuite\takingSScodeUsingListeners.xml</span>
          </div> <!-- main-panel-header rounded-window-top -->
          <div class="main-panel-content rounded-window-bottom">
            <pre>
&lt;?xml version=&quot;1.0&quot; encoding=&quot;UTF-8&quot;?&gt;
&lt;!DOCTYPE suite SYSTEM &quot;https://testng.org/testng-1.0.dtd&quot;&gt;
&lt;suite name=&quot;This Suite is for SS with ExtentReport&quot; guice-stage=&quot;DEVELOPMENT&quot;&gt;
  &lt;listeners&gt;
    &lt;listener class-name=&quot;SeleniumFramework2.TestComponents.ListenersToUseForExtentReportConcept&quot;/&gt;
  &lt;/listeners&gt;
  &lt;test thread-count=&quot;2&quot; name=&quot;Checking extent report with SS&quot;&gt;
    &lt;classes&gt;
      &lt;class name=&quot;SeleniumFramework1.TestCases.ExtentReportConcept&quot;/&gt;
    &lt;/classes&gt;
  &lt;/test&gt; &lt;!-- Checking extent report with SS --&gt;
&lt;/suite&gt; &lt;!-- This Suite is for SS with ExtentReport --&gt;
            </pre>
          </div> <!-- main-panel-content rounded-window-bottom -->
        </div> <!-- panel -->
        <div panel-name="testlist-This_Suite_is_for_SS_with_ExtentReport" class="panel">
          <div class="main-panel-header rounded-window-top">
            <span class="header-content">Tests for This Suite is for SS with ExtentReport</span>
          </div> <!-- main-panel-header rounded-window-top -->
          <div class="main-panel-content rounded-window-bottom">
            <ul>
              <li>
                <span class="test-name">Checking extent report with SS (1 class)</span>
              </li>
            </ul>
          </div> <!-- main-panel-content rounded-window-bottom -->
        </div> <!-- panel -->
        <div panel-name="group-This_Suite_is_for_SS_with_ExtentReport" class="panel">
          <div class="main-panel-header rounded-window-top">
            <span class="header-content">Groups for This Suite is for SS with ExtentReport</span>
          </div> <!-- main-panel-header rounded-window-top -->
          <div class="main-panel-content rounded-window-bottom">
          </div> <!-- main-panel-content rounded-window-bottom -->
        </div> <!-- panel -->
        <div panel-name="times-This_Suite_is_for_SS_with_ExtentReport" class="panel">
          <div class="main-panel-header rounded-window-top">
            <span class="header-content">Times for This Suite is for SS with ExtentReport</span>
          </div> <!-- main-panel-header rounded-window-top -->
          <div class="main-panel-content rounded-window-bottom">
            <div class="times-div">
              <script type="text/javascript">
suiteTableInitFunctions.push('tableData_This_Suite_is_for_SS_with_ExtentReport');
function tableData_This_Suite_is_for_SS_with_ExtentReport() {
var data = new google.visualization.DataTable();
data.addColumn('number', 'Number');
data.addColumn('string', 'Method');
data.addColumn('string', 'Class');
data.addColumn('number', 'Time (ms)');
data.addRows(6);
data.setCell(0, 0, 0)
data.setCell(0, 1, 'loginErrorValidation')
data.setCell(0, 2, 'SeleniumFramework1.TestCases.ExtentReportConcept')
data.setCell(0, 3, 20900);
data.setCell(1, 0, 1)
data.setCell(1, 1, 'loginErrorValidation')
data.setCell(1, 2, 'SeleniumFramework1.TestCases.ExtentReportConcept')
data.setCell(1, 3, 20543);
data.setCell(2, 0, 2)
data.setCell(2, 1, 'productErrorValidation')
data.setCell(2, 2, 'SeleniumFramework1.TestCases.ExtentReportConcept')
data.setCell(2, 3, 14750);
data.setCell(3, 0, 3)
data.setCell(3, 1, 'productErrorValidation')
data.setCell(3, 2, 'SeleniumFramework1.TestCases.ExtentReportConcept')
data.setCell(3, 3, 10917);
data.setCell(4, 0, 4)
data.setCell(4, 1, 'loginErrorValidation')
data.setCell(4, 2, 'SeleniumFramework1.TestCases.ExtentReportConcept')
data.setCell(4, 3, 832);
data.setCell(5, 0, 5)
data.setCell(5, 1, 'loginErrorValidation')
data.setCell(5, 2, 'SeleniumFramework1.TestCases.ExtentReportConcept')
data.setCell(5, 3, 776);
window.suiteTableData['This_Suite_is_for_SS_with_ExtentReport']= { tableData: data, tableDiv: 'times-div-This_Suite_is_for_SS_with_ExtentReport'}
return data;
}
              </script>
              <span class="suite-total-time">Total running time: 1 minutes</span>
              <div id="times-div-This_Suite_is_for_SS_with_ExtentReport">
              </div> <!-- times-div-This_Suite_is_for_SS_with_ExtentReport -->
            </div> <!-- times-div -->
          </div> <!-- main-panel-content rounded-window-bottom -->
        </div> <!-- panel -->
        <div panel-name="reporter-This_Suite_is_for_SS_with_ExtentReport" class="panel">
          <div class="main-panel-header rounded-window-top">
            <span class="header-content">Reporter output for This Suite is for SS with ExtentReport</span>
          </div> <!-- main-panel-header rounded-window-top -->
          <div class="main-panel-content rounded-window-bottom">
          </div> <!-- main-panel-content rounded-window-bottom -->
        </div> <!-- panel -->
        <div panel-name="ignored-methods-This_Suite_is_for_SS_with_ExtentReport" class="panel">
          <div class="main-panel-header rounded-window-top">
            <span class="header-content">0 ignored methods</span>
          </div> <!-- main-panel-header rounded-window-top -->
          <div class="main-panel-content rounded-window-bottom">
          </div> <!-- main-panel-content rounded-window-bottom -->
        </div> <!-- panel -->
        <div panel-name="chronological-This_Suite_is_for_SS_with_ExtentReport" class="panel">
          <div class="main-panel-header rounded-window-top">
            <span class="header-content">Methods in chronological order</span>
          </div> <!-- main-panel-header rounded-window-top -->
          <div class="main-panel-content rounded-window-bottom">
            <div class="chronological-class">
              <div class="chronological-class-name">SeleniumFramework1.TestCases.ExtentReportConcept</div> <!-- chronological-class-name -->
              <div class="configuration-method before">
                <span class="method-name">launchApplication</span>
                <span class="method-start">0 ms</span>
              </div> <!-- configuration-method before -->
              <div class="test-method">
                <span class="method-name">loginErrorValidation({needThisProductToADDTOCART=ZARA COAT 3, password=Bruno@12345, email=mhatresayali@gmail..com})</span>
                <span class="method-start">7795 ms</span>
              </div> <!-- test-method -->
              <div class="configuration-method after">
                <span class="method-name">tearDown</span>
                <span class="method-start">28347 ms</span>
              </div> <!-- configuration-method after -->
              <div class="configuration-method before">
                <span class="method-name">launchApplication</span>
                <span class="method-start">28445 ms</span>
              </div> <!-- configuration-method before -->
              <div class="test-method">
                <img src="failed.png">
                </img>
                <span class="method-name">loginErrorValidation({needThisProductToADDTOCART=ZARA COAT 3, password=Bruno@12345, email=mhatresayali@gmail..com})</span>
                <span class="method-start">29909 ms</span>
              </div> <!-- test-method -->
              <div class="configuration-method after">
                <span class="method-name">tearDown</span>
                <span class="method-start">51460 ms</span>
              </div> <!-- configuration-method after -->
              <div class="configuration-method before">
                <span class="method-name">launchApplication</span>
                <span class="method-start">51546 ms</span>
              </div> <!-- configuration-method before -->
              <div class="test-method">
                <span class="method-name">loginErrorValidation({needThisProductToADDTOCART=ADIDAS ORIGINAL, password=Bruno@12345, email=Lanumhatre@gmail.com})</span>
                <span class="method-start">52926 ms</span>
              </div> <!-- test-method -->
              <div class="configuration-method after">
                <span class="method-name">tearDown</span>
                <span class="method-start">53758 ms</span>
              </div> <!-- configuration-method after -->
              <div class="configuration-method before">
                <span class="method-name">launchApplication</span>
                <span class="method-start">53854 ms</span>
              </div> <!-- configuration-method before -->
              <div class="test-method">
                <img src="failed.png">
                </img>
                <span class="method-name">loginErrorValidation({needThisProductToADDTOCART=ADIDAS ORIGINAL, password=Bruno@12345, email=Lanumhatre@gmail.com})</span>
                <span class="method-start">55059 ms</span>
              </div> <!-- test-method -->
              <div class="configuration-method after">
                <span class="method-name">tearDown</span>
                <span class="method-start">56279 ms</span>
              </div> <!-- configuration-method after -->
              <div class="configuration-method before">
                <span class="method-name">launchApplication</span>
                <span class="method-start">56419 ms</span>
              </div> <!-- configuration-method before -->
              <div class="test-method">
                <img src="failed.png">
                </img>
                <span class="method-name">productErrorValidation({needThisProductToADDTOCART=ZARA COAT 3, password=Bruno@12345, email=mhatresayali@gmail..com})</span>
                <span class="method-start">57785 ms</span>
              </div> <!-- test-method -->
              <div class="configuration-method after">
                <span class="method-name">tearDown</span>
                <span class="method-start">69280 ms</span>
              </div> <!-- configuration-method after -->
              <div class="configuration-method before">
                <span class="method-name">launchApplication</span>
                <span class="method-start">69394 ms</span>
              </div> <!-- configuration-method before -->
              <div class="test-method">
                <span class="method-name">productErrorValidation({needThisProductToADDTOCART=ADIDAS ORIGINAL, password=Bruno@12345, email=Lanumhatre@gmail.com})</span>
                <span class="method-start">70693 ms</span>
              </div> <!-- test-method -->
              <div class="configuration-method after">
                <span class="method-name">tearDown</span>
                <span class="method-start">85445 ms</span>
              </div> <!-- configuration-method after -->
          </div> <!-- main-panel-content rounded-window-bottom -->
        </div> <!-- panel -->
      </div> <!-- main-panel-root -->
    </div> <!-- wrapper -->
  </body>
<script type="text/javascript" src="testng-reports2.js"></script>
</html>
